<?xml version="1.0" encoding="UTF-8"?>
<testng-results skipped="0" failed="0" ignored="0" total="1" passed="1">
  <reporter-output>
  </reporter-output>
  <suite name="test.OpenBrowserTest" duration-ms="9160" started-at="2021-03-06T05:44:32Z" finished-at="2021-03-06T05:44:41Z">
    <groups>
    </groups>
    <test name="Command line test" duration-ms="9160" started-at="2021-03-06T05:44:32Z" finished-at="2021-03-06T05:44:41Z">
      <class name="test.OpenBrowserTest">
        <test-method status="PASS" signature="validUserShouldBeAbleToGoToTheBrowser()[pri:0, instance:test.OpenBrowserTest@19dfb72a]" name="validUserShouldBeAbleToGoToTheBrowser" duration-ms="9118" started-at="2021-03-06T05:44:32Z" finished-at="2021-03-06T05:44:41Z">
          <reporter-output>
          </reporter-output>
        </test-method> <!-- validUserShouldBeAbleToGoToTheBrowser -->
      </class> <!-- test.OpenBrowserTest -->
    </test> <!-- Command line test -->
  </suite> <!-- test.OpenBrowserTest -->
</testng-results>
