<?xml version="1.0" encoding="UTF-8"?>
<testng-results skipped="0" failed="0" ignored="0" total="1" passed="1">
  <reporter-output>
  </reporter-output>
  <suite name="Default suite" duration-ms="8270" started-at="2021-03-06T05:45:55Z" finished-at="2021-03-06T05:46:03Z">
    <groups>
    </groups>
    <test name="Default test" duration-ms="8270" started-at="2021-03-06T05:45:55Z" finished-at="2021-03-06T05:46:03Z">
      <class name="test.OpenBrowserTest">
        <test-method status="PASS" signature="validUserShouldBeAbleToGoToTheBrowser()[pri:0, instance:test.OpenBrowserTest@30b7c004]" name="validUserShouldBeAbleToGoToTheBrowser" duration-ms="8236" started-at="2021-03-06T05:45:55Z" finished-at="2021-03-06T05:46:03Z">
          <reporter-output>
          </reporter-output>
        </test-method> <!-- validUserShouldBeAbleToGoToTheBrowser -->
      </class> <!-- test.OpenBrowserTest -->
    </test> <!-- Default test -->
  </suite> <!-- Default suite -->
</testng-results>
